<?xml version="1.0" encoding="UTF-8"?>
<!-- Generated by org.testng.reporters.JUnitReportReporter -->
<testsuite hostname="Pallavi-Sadhus-MacBook-Air.local" failures="0" tests="2" name="Sprint1.ImbdTest.ImbdTest" time="31.049" errors="0" timestamp="2022-12-21T15:29:41 CST" skipped="0">
  <testcase classname="Sprint1.ImbdTest.ImbdTest" name="testCase2" time="5.635"/>
  <system-out/>
  <testcase classname="Sprint1.ImbdTest.ImbdTest" name="testCase1" time="25.414"/>
  <system-out/>
</testsuite> <!-- Sprint1.ImbdTest.ImbdTest -->
