<?xml version="1.0" encoding="UTF-8"?>
<!-- Generated by org.testng.reporters.JUnitReportReporter -->
<testsuite hostname="Pallavi-Sadhus-MacBook-Air.local" failures="0" tests="2" name="Sprint1.ImbdTest.ImbdTest" time="26.701" errors="0" timestamp="2022-12-26T17:53:19 CST" skipped="0">
  <testcase classname="Sprint1.ImbdTest.ImbdTest" name="testCase2" time="4.254"/>
  <system-out/>
  <testcase classname="Sprint1.ImbdTest.ImbdTest" name="testCase1" time="22.447"/>
  <system-out/>
</testsuite> <!-- Sprint1.ImbdTest.ImbdTest -->
